WARNING: sun.reflect.Reflection.getCallerClass is not supported. This will impact performance.
Input file 1: resources//blocksworld/domain.pddl
Input file 2: resources//blocksworld/p08.pddl

parsing domain file "domain.pddl" done successfully
parsing problem file "p08.pddl" done successfully
# WARNING: Unable to get Instrumentation. Dynamic Attach failed. You may add this JAR as -javaagent manually, or supply -Djdk.attach.allowAttachSelf

problem instantiation done successfully (84 actions, 55 fluents)

sat

found plan as follows:

00: (  pick-up f) [0]
01: (  pick-up d) [0]
02: (  pick-up c) [0]
03: (  pick-up e) [0]
04: (  pick-up b) [0]
05: (  pick-up a) [0]
06: ( put-down f) [0]
07: ( put-down d) [0]
08: ( put-down c) [0]
09: ( put-down e) [0]
10: ( put-down b) [0]
11: ( put-down a) [0]
12: (  stack f f) [0]
13: (  stack f d) [0]
14: (  stack f c) [0]
15: (  stack f e) [0]
16: (  stack f b) [0]
17: (  stack f a) [0]
18: (  stack d f) [0]
19: (  stack d d) [0]
20: (  stack d c) [0]
21: (  stack d e) [0]
22: (  stack d b) [0]
23: (  stack d a) [0]
24: (  stack c f) [0]
25: (  stack c d) [0]
26: (  stack c c) [0]
27: (  stack c e) [0]
28: (  stack c b) [0]
29: (  stack c a) [0]
30: (  stack e f) [0]
31: (  stack e d) [0]
32: (  stack e c) [0]
33: (  stack e e) [0]
34: (  stack e b) [0]
35: (  stack e a) [0]
36: (  stack b f) [0]
37: (  stack b d) [0]
38: (  stack b c) [0]
39: (  stack b e) [0]
40: (  stack b b) [0]
41: (  stack b a) [0]
42: (  stack a f) [0]
43: (  stack a d) [0]
44: (  stack a c) [0]
45: (  stack a e) [0]
46: (  stack a b) [0]
47: (  stack a a) [0]
48: (unstack f f) [0]
49: (unstack f d) [0]
50: (unstack f c) [0]
51: (unstack f e) [0]
52: (unstack f b) [0]
53: (unstack f a) [0]
54: (unstack d f) [0]
55: (unstack d d) [0]
56: (unstack d c) [0]
57: (unstack d e) [0]
58: (unstack d b) [0]
59: (unstack d a) [0]
60: (unstack c f) [0]
61: (unstack c d) [0]
62: (unstack c c) [0]
63: (unstack c e) [0]
64: (unstack c b) [0]
65: (unstack c a) [0]
66: (unstack e f) [0]
67: (unstack e d) [0]
68: (unstack e c) [0]
69: (unstack e e) [0]
70: (unstack e b) [0]
71: (unstack e a) [0]
72: (unstack b f) [0]
73: (unstack b d) [0]
74: (unstack b c) [0]
75: (unstack b e) [0]
76: (unstack b b) [0]
77: (unstack b a) [0]
78: (unstack a f) [0]
79: (unstack a d) [0]
80: (unstack a c) [0]
81: (unstack a e) [0]
82: (unstack a b) [0]
83: (unstack a a) [0]

time spent:       0.06 seconds parsing 
                  0.10 seconds encoding 
                  0.00 seconds searching
                  0.16 seconds total time

memory used:      0.35 MBytes for problem representation
                  0.00 MBytes for searching
                  0.35 MBytes total



parsing domain file "domain.pddl" done successfully
parsing problem file "p08.pddl" done successfully

problem instantiation done successfully (84 actions, 55 fluents)

* Starting ASTAR search with FAST_FORWARD heuristic 
* ASTAR search succeeded

found plan as follows:

00: (unstack a f) [0]
01: (  stack a d) [0]
02: (  pick-up b) [0]
03: (  stack b a) [0]
04: (  pick-up c) [0]
05: (  stack c b) [0]
06: (  pick-up f) [0]
07: (  stack f c) [0]
08: (  pick-up e) [0]
09: (  stack e f) [0]

time spent:       0.02 seconds parsing 
                  0.02 seconds encoding 
                  0.02 seconds searching
                  0.05 seconds total time

memory used:      0.35 MBytes for problem representation
                  0.01 MBytes for searching
                  0.36 MBytes total


