"C:\Users\David M\.jdks\openjdk-17.0.2\bin\java.exe" "-javaagent:C:\Program Files\JetBrains\IntelliJ IDEA Community Edition 2021.3.1\lib\idea_rt.jar=49172:C:\Program Files\JetBrains\IntelliJ IDEA Community Edition 2021.3.1\bin" -Dfile.encoding=UTF-8 -classpath "C:\Users\David M\IdeaProjects\Patia\target\classes;C:\Users\David M\IdeaProjects\Patia\ASP\lib\pddl4j-4.0.0.jar;C:\Users\David M\IdeaProjects\Patia\ASP\lib\sat4j-sat.jar;C:\Users\David M\.m2\repository\org\ow2\sat4j\org.ow2.sat4j.core\2.3.6\org.ow2.sat4j.core-2.3.6.jar" fr.uga.pddl4j.examples.asp.ASP ASP/resources/depots/domain.pddl ASP/resources/depots/p04.pddl >> test.txt
WARNING: sun.reflect.Reflection.getCallerClass is not supported. This will impact performance.
Input file 1: ASP/resources/depots/domain.pddl
Input file 2: ASP/resources/depots/p04.pddl
Input file 3: >>
Input file 4: test.txt

parsing domain file "domain.pddl" done successfully
parsing problem file "p04.pddl" done successfully
# WARNING: Unable to get Instrumentation. Dynamic Attach failed. You may add this JAR as -javaagent manually, or supply -Djdk.attach.allowAttachSelf
# WARNING: Unable to attach Serviceability Agent. sun.jvm.hotspot.memory.Universe.getNarrowOopBase()

problem instantiation done successfully (594 actions, 178 fluents)

sat

found plan as follows:

000: (              drive truck0 depot0 depot0) [0]
001: (        drive truck0 depot0 distributor0) [0]
002: (        drive truck0 depot0 distributor1) [0]
003: (        drive truck0 distributor0 depot0) [0]
004: (  drive truck0 distributor0 distributor0) [0]
005: (  drive truck0 distributor0 distributor1) [0]
006: (        drive truck0 distributor1 depot0) [0]
007: (  drive truck0 distributor1 distributor0) [0]
008: (  drive truck0 distributor1 distributor1) [0]
009: (              drive truck1 depot0 depot0) [0]
010: (        drive truck1 depot0 distributor0) [0]
011: (        drive truck1 depot0 distributor1) [0]
012: (        drive truck1 distributor0 depot0) [0]
013: (  drive truck1 distributor0 distributor0) [0]
014: (  drive truck1 distributor0 distributor1) [0]
015: (        drive truck1 distributor1 depot0) [0]
016: (  drive truck1 distributor1 distributor0) [0]
017: (  drive truck1 distributor1 distributor1) [0]
018: (       lift hoist0 crate0 pallet0 depot0) [0]
019: (       lift hoist0 crate0 pallet1 depot0) [0]
020: (       lift hoist0 crate0 pallet2 depot0) [0]
021: (        lift hoist0 crate0 crate0 depot0) [0]
022: (        lift hoist0 crate0 crate1 depot0) [0]
023: (        lift hoist0 crate0 crate2 depot0) [0]
024: (        lift hoist0 crate0 crate3 depot0) [0]
025: (        lift hoist0 crate0 crate4 depot0) [0]
026: (        lift hoist0 crate0 crate5 depot0) [0]
027: (        lift hoist0 crate0 crate6 depot0) [0]
028: (        lift hoist0 crate0 crate7 depot0) [0]
029: (       lift hoist0 crate1 pallet0 depot0) [0]
030: (       lift hoist0 crate1 pallet1 depot0) [0]
031: (       lift hoist0 crate1 pallet2 depot0) [0]
032: (        lift hoist0 crate1 crate0 depot0) [0]
033: (        lift hoist0 crate1 crate1 depot0) [0]
034: (        lift hoist0 crate1 crate2 depot0) [0]
035: (        lift hoist0 crate1 crate3 depot0) [0]
036: (        lift hoist0 crate1 crate4 depot0) [0]
037: (        lift hoist0 crate1 crate5 depot0) [0]
038: (        lift hoist0 crate1 crate6 depot0) [0]
039: (        lift hoist0 crate1 crate7 depot0) [0]
040: (       lift hoist0 crate2 pallet0 depot0) [0]
041: (       lift hoist0 crate2 pallet1 depot0) [0]
042: (       lift hoist0 crate2 pallet2 depot0) [0]
043: (        lift hoist0 crate2 crate0 depot0) [0]
044: (        lift hoist0 crate2 crate1 depot0) [0]
045: (        lift hoist0 crate2 crate2 depot0) [0]
046: (        lift hoist0 crate2 crate3 depot0) [0]
047: (        lift hoist0 crate2 crate4 depot0) [0]
048: (        lift hoist0 crate2 crate5 depot0) [0]
049: (        lift hoist0 crate2 crate6 depot0) [0]
050: (        lift hoist0 crate2 crate7 depot0) [0]
051: (       lift hoist0 crate3 pallet0 depot0) [0]
052: (       lift hoist0 crate3 pallet1 depot0) [0]
053: (       lift hoist0 crate3 pallet2 depot0) [0]
054: (        lift hoist0 crate3 crate0 depot0) [0]
055: (        lift hoist0 crate3 crate1 depot0) [0]
056: (        lift hoist0 crate3 crate2 depot0) [0]
057: (        lift hoist0 crate3 crate3 depot0) [0]
058: (        lift hoist0 crate3 crate4 depot0) [0]
059: (        lift hoist0 crate3 crate5 depot0) [0]
060: (        lift hoist0 crate3 crate6 depot0) [0]
061: (        lift hoist0 crate3 crate7 depot0) [0]
062: (       lift hoist0 crate4 pallet0 depot0) [0]
063: (       lift hoist0 crate4 pallet1 depot0) [0]
064: (       lift hoist0 crate4 pallet2 depot0) [0]
065: (        lift hoist0 crate4 crate0 depot0) [0]
066: (        lift hoist0 crate4 crate1 depot0) [0]
067: (        lift hoist0 crate4 crate2 depot0) [0]
068: (        lift hoist0 crate4 crate3 depot0) [0]
069: (        lift hoist0 crate4 crate4 depot0) [0]
070: (        lift hoist0 crate4 crate5 depot0) [0]
071: (        lift hoist0 crate4 crate6 depot0) [0]
072: (        lift hoist0 crate4 crate7 depot0) [0]
073: (       lift hoist0 crate5 pallet0 depot0) [0]
074: (       lift hoist0 crate5 pallet1 depot0) [0]
075: (       lift hoist0 crate5 pallet2 depot0) [0]
076: (        lift hoist0 crate5 crate0 depot0) [0]
077: (        lift hoist0 crate5 crate1 depot0) [0]
078: (        lift hoist0 crate5 crate2 depot0) [0]
079: (        lift hoist0 crate5 crate3 depot0) [0]
080: (        lift hoist0 crate5 crate4 depot0) [0]
081: (        lift hoist0 crate5 crate5 depot0) [0]
082: (        lift hoist0 crate5 crate6 depot0) [0]
083: (        lift hoist0 crate5 crate7 depot0) [0]
084: (       lift hoist0 crate6 pallet0 depot0) [0]
085: (       lift hoist0 crate6 pallet1 depot0) [0]
086: (       lift hoist0 crate6 pallet2 depot0) [0]
087: (        lift hoist0 crate6 crate0 depot0) [0]
088: (        lift hoist0 crate6 crate1 depot0) [0]
089: (        lift hoist0 crate6 crate2 depot0) [0]
090: (        lift hoist0 crate6 crate3 depot0) [0]
091: (        lift hoist0 crate6 crate4 depot0) [0]
092: (        lift hoist0 crate6 crate5 depot0) [0]
093: (        lift hoist0 crate6 crate6 depot0) [0]
094: (        lift hoist0 crate6 crate7 depot0) [0]
095: (       lift hoist0 crate7 pallet0 depot0) [0]
096: (       lift hoist0 crate7 pallet1 depot0) [0]
097: (       lift hoist0 crate7 pallet2 depot0) [0]
098: (        lift hoist0 crate7 crate0 depot0) [0]
099: (        lift hoist0 crate7 crate1 depot0) [0]
100: (        lift hoist0 crate7 crate2 depot0) [0]
101: (        lift hoist0 crate7 crate3 depot0) [0]
102: (        lift hoist0 crate7 crate4 depot0) [0]
103: (        lift hoist0 crate7 crate5 depot0) [0]
104: (        lift hoist0 crate7 crate6 depot0) [0]
105: (        lift hoist0 crate7 crate7 depot0) [0]
106: ( lift hoist1 crate0 pallet0 distributor0) [0]
107: ( lift hoist1 crate0 pallet1 distributor0) [0]
108: ( lift hoist1 crate0 pallet2 distributor0) [0]
109: (  lift hoist1 crate0 crate0 distributor0) [0]
110: (  lift hoist1 crate0 crate1 distributor0) [0]
111: (  lift hoist1 crate0 crate2 distributor0) [0]
112: (  lift hoist1 crate0 crate3 distributor0) [0]
113: (  lift hoist1 crate0 crate4 distributor0) [0]
114: (  lift hoist1 crate0 crate5 distributor0) [0]
115: (  lift hoist1 crate0 crate6 distributor0) [0]
116: (  lift hoist1 crate0 crate7 distributor0) [0]
117: ( lift hoist1 crate1 pallet0 distributor0) [0]
118: ( lift hoist1 crate1 pallet1 distributor0) [0]
119: ( lift hoist1 crate1 pallet2 distributor0) [0]
120: (  lift hoist1 crate1 crate0 distributor0) [0]
121: (  lift hoist1 crate1 crate1 distributor0) [0]
122: (  lift hoist1 crate1 crate2 distributor0) [0]
123: (  lift hoist1 crate1 crate3 distributor0) [0]
124: (  lift hoist1 crate1 crate4 distributor0) [0]
125: (  lift hoist1 crate1 crate5 distributor0) [0]
126: (  lift hoist1 crate1 crate6 distributor0) [0]
127: (  lift hoist1 crate1 crate7 distributor0) [0]
128: ( lift hoist1 crate2 pallet0 distributor0) [0]
129: ( lift hoist1 crate2 pallet1 distributor0) [0]
130: ( lift hoist1 crate2 pallet2 distributor0) [0]
131: (  lift hoist1 crate2 crate0 distributor0) [0]
132: (  lift hoist1 crate2 crate1 distributor0) [0]
133: (  lift hoist1 crate2 crate2 distributor0) [0]
134: (  lift hoist1 crate2 crate3 distributor0) [0]
135: (  lift hoist1 crate2 crate4 distributor0) [0]
136: (  lift hoist1 crate2 crate5 distributor0) [0]
137: (  lift hoist1 crate2 crate6 distributor0) [0]
138: (  lift hoist1 crate2 crate7 distributor0) [0]
139: ( lift hoist1 crate3 pallet0 distributor0) [0]
140: ( lift hoist1 crate3 pallet1 distributor0) [0]
141: ( lift hoist1 crate3 pallet2 distributor0) [0]
142: (  lift hoist1 crate3 crate0 distributor0) [0]
143: (  lift hoist1 crate3 crate1 distributor0) [0]
144: (  lift hoist1 crate3 crate2 distributor0) [0]
145: (  lift hoist1 crate3 crate3 distributor0) [0]
146: (  lift hoist1 crate3 crate4 distributor0) [0]
147: (  lift hoist1 crate3 crate5 distributor0) [0]
148: (  lift hoist1 crate3 crate6 distributor0) [0]
149: (  lift hoist1 crate3 crate7 distributor0) [0]
150: ( lift hoist1 crate4 pallet0 distributor0) [0]
151: ( lift hoist1 crate4 pallet1 distributor0) [0]
152: ( lift hoist1 crate4 pallet2 distributor0) [0]
153: (  lift hoist1 crate4 crate0 distributor0) [0]
154: (  lift hoist1 crate4 crate1 distributor0) [0]
155: (  lift hoist1 crate4 crate2 distributor0) [0]
156: (  lift hoist1 crate4 crate3 distributor0) [0]
157: (  lift hoist1 crate4 crate4 distributor0) [0]
158: (  lift hoist1 crate4 crate5 distributor0) [0]
159: (  lift hoist1 crate4 crate6 distributor0) [0]
160: (  lift hoist1 crate4 crate7 distributor0) [0]
161: ( lift hoist1 crate5 pallet0 distributor0) [0]
162: ( lift hoist1 crate5 pallet1 distributor0) [0]
163: ( lift hoist1 crate5 pallet2 distributor0) [0]
164: (  lift hoist1 crate5 crate0 distributor0) [0]
165: (  lift hoist1 crate5 crate1 distributor0) [0]
166: (  lift hoist1 crate5 crate2 distributor0) [0]
167: (  lift hoist1 crate5 crate3 distributor0) [0]
168: (  lift hoist1 crate5 crate4 distributor0) [0]
169: (  lift hoist1 crate5 crate5 distributor0) [0]
170: (  lift hoist1 crate5 crate6 distributor0) [0]
171: (  lift hoist1 crate5 crate7 distributor0) [0]
172: ( lift hoist1 crate6 pallet0 distributor0) [0]
173: ( lift hoist1 crate6 pallet1 distributor0) [0]
174: ( lift hoist1 crate6 pallet2 distributor0) [0]
175: (  lift hoist1 crate6 crate0 distributor0) [0]
176: (  lift hoist1 crate6 crate1 distributor0) [0]
177: (  lift hoist1 crate6 crate2 distributor0) [0]
178: (  lift hoist1 crate6 crate3 distributor0) [0]
179: (  lift hoist1 crate6 crate4 distributor0) [0]
180: (  lift hoist1 crate6 crate5 distributor0) [0]
181: (  lift hoist1 crate6 crate6 distributor0) [0]
182: (  lift hoist1 crate6 crate7 distributor0) [0]
183: ( lift hoist1 crate7 pallet0 distributor0) [0]
184: ( lift hoist1 crate7 pallet1 distributor0) [0]
185: ( lift hoist1 crate7 pallet2 distributor0) [0]
186: (  lift hoist1 crate7 crate0 distributor0) [0]
187: (  lift hoist1 crate7 crate1 distributor0) [0]
188: (  lift hoist1 crate7 crate2 distributor0) [0]
189: (  lift hoist1 crate7 crate3 distributor0) [0]
190: (  lift hoist1 crate7 crate4 distributor0) [0]
191: (  lift hoist1 crate7 crate5 distributor0) [0]
192: (  lift hoist1 crate7 crate6 distributor0) [0]
193: (  lift hoist1 crate7 crate7 distributor0) [0]
194: ( lift hoist2 crate0 pallet0 distributor1) [0]
195: ( lift hoist2 crate0 pallet1 distributor1) [0]
196: ( lift hoist2 crate0 pallet2 distributor1) [0]
197: (  lift hoist2 crate0 crate0 distributor1) [0]
198: (  lift hoist2 crate0 crate1 distributor1) [0]
199: (  lift hoist2 crate0 crate2 distributor1) [0]
200: (  lift hoist2 crate0 crate3 distributor1) [0]
201: (  lift hoist2 crate0 crate4 distributor1) [0]
202: (  lift hoist2 crate0 crate5 distributor1) [0]
203: (  lift hoist2 crate0 crate6 distributor1) [0]
204: (  lift hoist2 crate0 crate7 distributor1) [0]
205: ( lift hoist2 crate1 pallet0 distributor1) [0]
206: ( lift hoist2 crate1 pallet1 distributor1) [0]
207: ( lift hoist2 crate1 pallet2 distributor1) [0]
208: (  lift hoist2 crate1 crate0 distributor1) [0]
209: (  lift hoist2 crate1 crate1 distributor1) [0]
210: (  lift hoist2 crate1 crate2 distributor1) [0]
211: (  lift hoist2 crate1 crate3 distributor1) [0]
212: (  lift hoist2 crate1 crate4 distributor1) [0]
213: (  lift hoist2 crate1 crate5 distributor1) [0]
214: (  lift hoist2 crate1 crate6 distributor1) [0]
215: (  lift hoist2 crate1 crate7 distributor1) [0]
216: ( lift hoist2 crate2 pallet0 distributor1) [0]
217: ( lift hoist2 crate2 pallet1 distributor1) [0]
218: ( lift hoist2 crate2 pallet2 distributor1) [0]
219: (  lift hoist2 crate2 crate0 distributor1) [0]
220: (  lift hoist2 crate2 crate1 distributor1) [0]
221: (  lift hoist2 crate2 crate2 distributor1) [0]
222: (  lift hoist2 crate2 crate3 distributor1) [0]
223: (  lift hoist2 crate2 crate4 distributor1) [0]
224: (  lift hoist2 crate2 crate5 distributor1) [0]
225: (  lift hoist2 crate2 crate6 distributor1) [0]
226: (  lift hoist2 crate2 crate7 distributor1) [0]
227: ( lift hoist2 crate3 pallet0 distributor1) [0]
228: ( lift hoist2 crate3 pallet1 distributor1) [0]
229: ( lift hoist2 crate3 pallet2 distributor1) [0]
230: (  lift hoist2 crate3 crate0 distributor1) [0]
231: (  lift hoist2 crate3 crate1 distributor1) [0]
232: (  lift hoist2 crate3 crate2 distributor1) [0]
233: (  lift hoist2 crate3 crate3 distributor1) [0]
234: (  lift hoist2 crate3 crate4 distributor1) [0]
235: (  lift hoist2 crate3 crate5 distributor1) [0]
236: (  lift hoist2 crate3 crate6 distributor1) [0]
237: (  lift hoist2 crate3 crate7 distributor1) [0]
238: ( lift hoist2 crate4 pallet0 distributor1) [0]
239: ( lift hoist2 crate4 pallet1 distributor1) [0]
240: ( lift hoist2 crate4 pallet2 distributor1) [0]
241: (  lift hoist2 crate4 crate0 distributor1) [0]
242: (  lift hoist2 crate4 crate1 distributor1) [0]
243: (  lift hoist2 crate4 crate2 distributor1) [0]
244: (  lift hoist2 crate4 crate3 distributor1) [0]
245: (  lift hoist2 crate4 crate4 distributor1) [0]
246: (  lift hoist2 crate4 crate5 distributor1) [0]
247: (  lift hoist2 crate4 crate6 distributor1) [0]
248: (  lift hoist2 crate4 crate7 distributor1) [0]
249: ( lift hoist2 crate5 pallet0 distributor1) [0]
250: ( lift hoist2 crate5 pallet1 distributor1) [0]
251: ( lift hoist2 crate5 pallet2 distributor1) [0]
252: (  lift hoist2 crate5 crate0 distributor1) [0]
253: (  lift hoist2 crate5 crate1 distributor1) [0]
254: (  lift hoist2 crate5 crate2 distributor1) [0]
255: (  lift hoist2 crate5 crate3 distributor1) [0]
256: (  lift hoist2 crate5 crate4 distributor1) [0]
257: (  lift hoist2 crate5 crate5 distributor1) [0]
258: (  lift hoist2 crate5 crate6 distributor1) [0]
259: (  lift hoist2 crate5 crate7 distributor1) [0]
260: ( lift hoist2 crate6 pallet0 distributor1) [0]
261: ( lift hoist2 crate6 pallet1 distributor1) [0]
262: ( lift hoist2 crate6 pallet2 distributor1) [0]
263: (  lift hoist2 crate6 crate0 distributor1) [0]
264: (  lift hoist2 crate6 crate1 distributor1) [0]
265: (  lift hoist2 crate6 crate2 distributor1) [0]
266: (  lift hoist2 crate6 crate3 distributor1) [0]
267: (  lift hoist2 crate6 crate4 distributor1) [0]
268: (  lift hoist2 crate6 crate5 distributor1) [0]
269: (  lift hoist2 crate6 crate6 distributor1) [0]
270: (  lift hoist2 crate6 crate7 distributor1) [0]
271: ( lift hoist2 crate7 pallet0 distributor1) [0]
272: ( lift hoist2 crate7 pallet1 distributor1) [0]
273: ( lift hoist2 crate7 pallet2 distributor1) [0]
274: (  lift hoist2 crate7 crate0 distributor1) [0]
275: (  lift hoist2 crate7 crate1 distributor1) [0]
276: (  lift hoist2 crate7 crate2 distributor1) [0]
277: (  lift hoist2 crate7 crate3 distributor1) [0]
278: (  lift hoist2 crate7 crate4 distributor1) [0]
279: (  lift hoist2 crate7 crate5 distributor1) [0]
280: (  lift hoist2 crate7 crate6 distributor1) [0]
281: (  lift hoist2 crate7 crate7 distributor1) [0]
282: (       drop hoist0 crate0 pallet0 depot0) [0]
283: (        drop hoist0 crate0 crate0 depot0) [0]
284: (        drop hoist0 crate0 crate1 depot0) [0]
285: (        drop hoist0 crate0 crate2 depot0) [0]
286: (        drop hoist0 crate0 crate3 depot0) [0]
287: (        drop hoist0 crate0 crate4 depot0) [0]
288: (        drop hoist0 crate0 crate5 depot0) [0]
289: (        drop hoist0 crate0 crate6 depot0) [0]
290: (        drop hoist0 crate0 crate7 depot0) [0]
291: (       drop hoist0 crate1 pallet0 depot0) [0]
292: (        drop hoist0 crate1 crate0 depot0) [0]
293: (        drop hoist0 crate1 crate1 depot0) [0]
294: (        drop hoist0 crate1 crate2 depot0) [0]
295: (        drop hoist0 crate1 crate3 depot0) [0]
296: (        drop hoist0 crate1 crate4 depot0) [0]
297: (        drop hoist0 crate1 crate5 depot0) [0]
298: (        drop hoist0 crate1 crate6 depot0) [0]
299: (        drop hoist0 crate1 crate7 depot0) [0]
300: (       drop hoist0 crate2 pallet0 depot0) [0]
301: (        drop hoist0 crate2 crate0 depot0) [0]
302: (        drop hoist0 crate2 crate1 depot0) [0]
303: (        drop hoist0 crate2 crate2 depot0) [0]
304: (        drop hoist0 crate2 crate3 depot0) [0]
305: (        drop hoist0 crate2 crate4 depot0) [0]
306: (        drop hoist0 crate2 crate5 depot0) [0]
307: (        drop hoist0 crate2 crate6 depot0) [0]
308: (        drop hoist0 crate2 crate7 depot0) [0]
309: (       drop hoist0 crate3 pallet0 depot0) [0]
310: (        drop hoist0 crate3 crate0 depot0) [0]
311: (        drop hoist0 crate3 crate1 depot0) [0]
312: (        drop hoist0 crate3 crate2 depot0) [0]
313: (        drop hoist0 crate3 crate3 depot0) [0]
314: (        drop hoist0 crate3 crate4 depot0) [0]
315: (        drop hoist0 crate3 crate5 depot0) [0]
316: (        drop hoist0 crate3 crate6 depot0) [0]
317: (        drop hoist0 crate3 crate7 depot0) [0]
318: (       drop hoist0 crate4 pallet0 depot0) [0]
319: (        drop hoist0 crate4 crate0 depot0) [0]
320: (        drop hoist0 crate4 crate1 depot0) [0]
321: (        drop hoist0 crate4 crate2 depot0) [0]
322: (        drop hoist0 crate4 crate3 depot0) [0]
323: (        drop hoist0 crate4 crate4 depot0) [0]
324: (        drop hoist0 crate4 crate5 depot0) [0]
325: (        drop hoist0 crate4 crate6 depot0) [0]
326: (        drop hoist0 crate4 crate7 depot0) [0]
327: (       drop hoist0 crate5 pallet0 depot0) [0]
328: (        drop hoist0 crate5 crate0 depot0) [0]
329: (        drop hoist0 crate5 crate1 depot0) [0]
330: (        drop hoist0 crate5 crate2 depot0) [0]
331: (        drop hoist0 crate5 crate3 depot0) [0]
332: (        drop hoist0 crate5 crate4 depot0) [0]
333: (        drop hoist0 crate5 crate5 depot0) [0]
334: (        drop hoist0 crate5 crate6 depot0) [0]
335: (        drop hoist0 crate5 crate7 depot0) [0]
336: (       drop hoist0 crate6 pallet0 depot0) [0]
337: (        drop hoist0 crate6 crate0 depot0) [0]
338: (        drop hoist0 crate6 crate1 depot0) [0]
339: (        drop hoist0 crate6 crate2 depot0) [0]
340: (        drop hoist0 crate6 crate3 depot0) [0]
341: (        drop hoist0 crate6 crate4 depot0) [0]
342: (        drop hoist0 crate6 crate5 depot0) [0]
343: (        drop hoist0 crate6 crate6 depot0) [0]
344: (        drop hoist0 crate6 crate7 depot0) [0]
345: (       drop hoist0 crate7 pallet0 depot0) [0]
346: (        drop hoist0 crate7 crate0 depot0) [0]
347: (        drop hoist0 crate7 crate1 depot0) [0]
348: (        drop hoist0 crate7 crate2 depot0) [0]
349: (        drop hoist0 crate7 crate3 depot0) [0]
350: (        drop hoist0 crate7 crate4 depot0) [0]
351: (        drop hoist0 crate7 crate5 depot0) [0]
352: (        drop hoist0 crate7 crate6 depot0) [0]
353: (        drop hoist0 crate7 crate7 depot0) [0]
354: ( drop hoist1 crate0 pallet1 distributor0) [0]
355: (  drop hoist1 crate0 crate0 distributor0) [0]
356: (  drop hoist1 crate0 crate1 distributor0) [0]
357: (  drop hoist1 crate0 crate2 distributor0) [0]
358: (  drop hoist1 crate0 crate3 distributor0) [0]
359: (  drop hoist1 crate0 crate4 distributor0) [0]
360: (  drop hoist1 crate0 crate5 distributor0) [0]
361: (  drop hoist1 crate0 crate6 distributor0) [0]
362: (  drop hoist1 crate0 crate7 distributor0) [0]
363: ( drop hoist1 crate1 pallet1 distributor0) [0]
364: (  drop hoist1 crate1 crate0 distributor0) [0]
365: (  drop hoist1 crate1 crate1 distributor0) [0]
366: (  drop hoist1 crate1 crate2 distributor0) [0]
367: (  drop hoist1 crate1 crate3 distributor0) [0]
368: (  drop hoist1 crate1 crate4 distributor0) [0]
369: (  drop hoist1 crate1 crate5 distributor0) [0]
370: (  drop hoist1 crate1 crate6 distributor0) [0]
371: (  drop hoist1 crate1 crate7 distributor0) [0]
372: ( drop hoist1 crate2 pallet1 distributor0) [0]
373: (  drop hoist1 crate2 crate0 distributor0) [0]
374: (  drop hoist1 crate2 crate1 distributor0) [0]
375: (  drop hoist1 crate2 crate2 distributor0) [0]
376: (  drop hoist1 crate2 crate3 distributor0) [0]
377: (  drop hoist1 crate2 crate4 distributor0) [0]
378: (  drop hoist1 crate2 crate5 distributor0) [0]
379: (  drop hoist1 crate2 crate6 distributor0) [0]
380: (  drop hoist1 crate2 crate7 distributor0) [0]
381: ( drop hoist1 crate3 pallet1 distributor0) [0]
382: (  drop hoist1 crate3 crate0 distributor0) [0]
383: (  drop hoist1 crate3 crate1 distributor0) [0]
384: (  drop hoist1 crate3 crate2 distributor0) [0]
385: (  drop hoist1 crate3 crate3 distributor0) [0]
386: (  drop hoist1 crate3 crate4 distributor0) [0]
387: (  drop hoist1 crate3 crate5 distributor0) [0]
388: (  drop hoist1 crate3 crate6 distributor0) [0]
389: (  drop hoist1 crate3 crate7 distributor0) [0]
390: ( drop hoist1 crate4 pallet1 distributor0) [0]
391: (  drop hoist1 crate4 crate0 distributor0) [0]
392: (  drop hoist1 crate4 crate1 distributor0) [0]
393: (  drop hoist1 crate4 crate2 distributor0) [0]
394: (  drop hoist1 crate4 crate3 distributor0) [0]
395: (  drop hoist1 crate4 crate4 distributor0) [0]
396: (  drop hoist1 crate4 crate5 distributor0) [0]
397: (  drop hoist1 crate4 crate6 distributor0) [0]
398: (  drop hoist1 crate4 crate7 distributor0) [0]
399: ( drop hoist1 crate5 pallet1 distributor0) [0]
400: (  drop hoist1 crate5 crate0 distributor0) [0]
401: (  drop hoist1 crate5 crate1 distributor0) [0]
402: (  drop hoist1 crate5 crate2 distributor0) [0]
403: (  drop hoist1 crate5 crate3 distributor0) [0]
404: (  drop hoist1 crate5 crate4 distributor0) [0]
405: (  drop hoist1 crate5 crate5 distributor0) [0]
406: (  drop hoist1 crate5 crate6 distributor0) [0]
407: (  drop hoist1 crate5 crate7 distributor0) [0]
408: ( drop hoist1 crate6 pallet1 distributor0) [0]
409: (  drop hoist1 crate6 crate0 distributor0) [0]
410: (  drop hoist1 crate6 crate1 distributor0) [0]
411: (  drop hoist1 crate6 crate2 distributor0) [0]
412: (  drop hoist1 crate6 crate3 distributor0) [0]
413: (  drop hoist1 crate6 crate4 distributor0) [0]
414: (  drop hoist1 crate6 crate5 distributor0) [0]
415: (  drop hoist1 crate6 crate6 distributor0) [0]
416: (  drop hoist1 crate6 crate7 distributor0) [0]
417: ( drop hoist1 crate7 pallet1 distributor0) [0]
418: (  drop hoist1 crate7 crate0 distributor0) [0]
419: (  drop hoist1 crate7 crate1 distributor0) [0]
420: (  drop hoist1 crate7 crate2 distributor0) [0]
421: (  drop hoist1 crate7 crate3 distributor0) [0]
422: (  drop hoist1 crate7 crate4 distributor0) [0]
423: (  drop hoist1 crate7 crate5 distributor0) [0]
424: (  drop hoist1 crate7 crate6 distributor0) [0]
425: (  drop hoist1 crate7 crate7 distributor0) [0]
426: ( drop hoist2 crate0 pallet2 distributor1) [0]
427: (  drop hoist2 crate0 crate0 distributor1) [0]
428: (  drop hoist2 crate0 crate1 distributor1) [0]
429: (  drop hoist2 crate0 crate2 distributor1) [0]
430: (  drop hoist2 crate0 crate3 distributor1) [0]
431: (  drop hoist2 crate0 crate4 distributor1) [0]
432: (  drop hoist2 crate0 crate5 distributor1) [0]
433: (  drop hoist2 crate0 crate6 distributor1) [0]
434: (  drop hoist2 crate0 crate7 distributor1) [0]
435: ( drop hoist2 crate1 pallet2 distributor1) [0]
436: (  drop hoist2 crate1 crate0 distributor1) [0]
437: (  drop hoist2 crate1 crate1 distributor1) [0]
438: (  drop hoist2 crate1 crate2 distributor1) [0]
439: (  drop hoist2 crate1 crate3 distributor1) [0]
440: (  drop hoist2 crate1 crate4 distributor1) [0]
441: (  drop hoist2 crate1 crate5 distributor1) [0]
442: (  drop hoist2 crate1 crate6 distributor1) [0]
443: (  drop hoist2 crate1 crate7 distributor1) [0]
444: ( drop hoist2 crate2 pallet2 distributor1) [0]
445: (  drop hoist2 crate2 crate0 distributor1) [0]
446: (  drop hoist2 crate2 crate1 distributor1) [0]
447: (  drop hoist2 crate2 crate2 distributor1) [0]
448: (  drop hoist2 crate2 crate3 distributor1) [0]
449: (  drop hoist2 crate2 crate4 distributor1) [0]
450: (  drop hoist2 crate2 crate5 distributor1) [0]
451: (  drop hoist2 crate2 crate6 distributor1) [0]
452: (  drop hoist2 crate2 crate7 distributor1) [0]
453: ( drop hoist2 crate3 pallet2 distributor1) [0]
454: (  drop hoist2 crate3 crate0 distributor1) [0]
455: (  drop hoist2 crate3 crate1 distributor1) [0]
456: (  drop hoist2 crate3 crate2 distributor1) [0]
457: (  drop hoist2 crate3 crate3 distributor1) [0]
458: (  drop hoist2 crate3 crate4 distributor1) [0]
459: (  drop hoist2 crate3 crate5 distributor1) [0]
460: (  drop hoist2 crate3 crate6 distributor1) [0]
461: (  drop hoist2 crate3 crate7 distributor1) [0]
462: ( drop hoist2 crate4 pallet2 distributor1) [0]
463: (  drop hoist2 crate4 crate0 distributor1) [0]
464: (  drop hoist2 crate4 crate1 distributor1) [0]
465: (  drop hoist2 crate4 crate2 distributor1) [0]
466: (  drop hoist2 crate4 crate3 distributor1) [0]
467: (  drop hoist2 crate4 crate4 distributor1) [0]
468: (  drop hoist2 crate4 crate5 distributor1) [0]
469: (  drop hoist2 crate4 crate6 distributor1) [0]
470: (  drop hoist2 crate4 crate7 distributor1) [0]
471: ( drop hoist2 crate5 pallet2 distributor1) [0]
472: (  drop hoist2 crate5 crate0 distributor1) [0]
473: (  drop hoist2 crate5 crate1 distributor1) [0]
474: (  drop hoist2 crate5 crate2 distributor1) [0]
475: (  drop hoist2 crate5 crate3 distributor1) [0]
476: (  drop hoist2 crate5 crate4 distributor1) [0]
477: (  drop hoist2 crate5 crate5 distributor1) [0]
478: (  drop hoist2 crate5 crate6 distributor1) [0]
479: (  drop hoist2 crate5 crate7 distributor1) [0]
480: ( drop hoist2 crate6 pallet2 distributor1) [0]
481: (  drop hoist2 crate6 crate0 distributor1) [0]
482: (  drop hoist2 crate6 crate1 distributor1) [0]
483: (  drop hoist2 crate6 crate2 distributor1) [0]
484: (  drop hoist2 crate6 crate3 distributor1) [0]
485: (  drop hoist2 crate6 crate4 distributor1) [0]
486: (  drop hoist2 crate6 crate5 distributor1) [0]
487: (  drop hoist2 crate6 crate6 distributor1) [0]
488: (  drop hoist2 crate6 crate7 distributor1) [0]
489: ( drop hoist2 crate7 pallet2 distributor1) [0]
490: (  drop hoist2 crate7 crate0 distributor1) [0]
491: (  drop hoist2 crate7 crate1 distributor1) [0]
492: (  drop hoist2 crate7 crate2 distributor1) [0]
493: (  drop hoist2 crate7 crate3 distributor1) [0]
494: (  drop hoist2 crate7 crate4 distributor1) [0]
495: (  drop hoist2 crate7 crate5 distributor1) [0]
496: (  drop hoist2 crate7 crate6 distributor1) [0]
497: (  drop hoist2 crate7 crate7 distributor1) [0]
498: (        load hoist0 crate0 truck0 depot0) [0]
499: (        load hoist0 crate0 truck1 depot0) [0]
500: (        load hoist0 crate1 truck0 depot0) [0]
501: (        load hoist0 crate1 truck1 depot0) [0]
502: (        load hoist0 crate2 truck0 depot0) [0]
503: (        load hoist0 crate2 truck1 depot0) [0]
504: (        load hoist0 crate3 truck0 depot0) [0]
505: (        load hoist0 crate3 truck1 depot0) [0]
506: (        load hoist0 crate4 truck0 depot0) [0]
507: (        load hoist0 crate4 truck1 depot0) [0]
508: (        load hoist0 crate5 truck0 depot0) [0]
509: (        load hoist0 crate5 truck1 depot0) [0]
510: (        load hoist0 crate6 truck0 depot0) [0]
511: (        load hoist0 crate6 truck1 depot0) [0]
512: (        load hoist0 crate7 truck0 depot0) [0]
513: (        load hoist0 crate7 truck1 depot0) [0]
514: (  load hoist1 crate0 truck0 distributor0) [0]
515: (  load hoist1 crate0 truck1 distributor0) [0]
516: (  load hoist1 crate1 truck0 distributor0) [0]
517: (  load hoist1 crate1 truck1 distributor0) [0]
518: (  load hoist1 crate2 truck0 distributor0) [0]
519: (  load hoist1 crate2 truck1 distributor0) [0]
520: (  load hoist1 crate3 truck0 distributor0) [0]
521: (  load hoist1 crate3 truck1 distributor0) [0]
522: (  load hoist1 crate4 truck0 distributor0) [0]
523: (  load hoist1 crate4 truck1 distributor0) [0]
524: (  load hoist1 crate5 truck0 distributor0) [0]
525: (  load hoist1 crate5 truck1 distributor0) [0]
526: (  load hoist1 crate6 truck0 distributor0) [0]
527: (  load hoist1 crate6 truck1 distributor0) [0]
528: (  load hoist1 crate7 truck0 distributor0) [0]
529: (  load hoist1 crate7 truck1 distributor0) [0]
530: (  load hoist2 crate0 truck0 distributor1) [0]
531: (  load hoist2 crate0 truck1 distributor1) [0]
532: (  load hoist2 crate1 truck0 distributor1) [0]
533: (  load hoist2 crate1 truck1 distributor1) [0]
534: (  load hoist2 crate2 truck0 distributor1) [0]
535: (  load hoist2 crate2 truck1 distributor1) [0]
536: (  load hoist2 crate3 truck0 distributor1) [0]
537: (  load hoist2 crate3 truck1 distributor1) [0]
538: (  load hoist2 crate4 truck0 distributor1) [0]
539: (  load hoist2 crate4 truck1 distributor1) [0]
540: (  load hoist2 crate5 truck0 distributor1) [0]
541: (  load hoist2 crate5 truck1 distributor1) [0]
542: (  load hoist2 crate6 truck0 distributor1) [0]
543: (  load hoist2 crate6 truck1 distributor1) [0]
544: (  load hoist2 crate7 truck0 distributor1) [0]
545: (  load hoist2 crate7 truck1 distributor1) [0]
546: (      unload hoist0 crate0 truck0 depot0) [0]
547: (      unload hoist0 crate0 truck1 depot0) [0]
548: (      unload hoist0 crate1 truck0 depot0) [0]
549: (      unload hoist0 crate1 truck1 depot0) [0]
550: (      unload hoist0 crate2 truck0 depot0) [0]
551: (      unload hoist0 crate2 truck1 depot0) [0]
552: (      unload hoist0 crate3 truck0 depot0) [0]
553: (      unload hoist0 crate3 truck1 depot0) [0]
554: (      unload hoist0 crate4 truck0 depot0) [0]
555: (      unload hoist0 crate4 truck1 depot0) [0]
556: (      unload hoist0 crate5 truck0 depot0) [0]
557: (      unload hoist0 crate5 truck1 depot0) [0]
558: (      unload hoist0 crate6 truck0 depot0) [0]
559: (      unload hoist0 crate6 truck1 depot0) [0]
560: (      unload hoist0 crate7 truck0 depot0) [0]
561: (      unload hoist0 crate7 truck1 depot0) [0]
562: (unload hoist1 crate0 truck0 distributor0) [0]
563: (unload hoist1 crate0 truck1 distributor0) [0]
564: (unload hoist1 crate1 truck0 distributor0) [0]
565: (unload hoist1 crate1 truck1 distributor0) [0]
566: (unload hoist1 crate2 truck0 distributor0) [0]
567: (unload hoist1 crate2 truck1 distributor0) [0]
568: (unload hoist1 crate3 truck0 distributor0) [0]
569: (unload hoist1 crate3 truck1 distributor0) [0]
570: (unload hoist1 crate4 truck0 distributor0) [0]
571: (unload hoist1 crate4 truck1 distributor0) [0]
572: (unload hoist1 crate5 truck0 distributor0) [0]
573: (unload hoist1 crate5 truck1 distributor0) [0]
574: (unload hoist1 crate6 truck0 distributor0) [0]
575: (unload hoist1 crate6 truck1 distributor0) [0]
576: (unload hoist1 crate7 truck0 distributor0) [0]
577: (unload hoist1 crate7 truck1 distributor0) [0]
578: (unload hoist2 crate0 truck0 distributor1) [0]
579: (unload hoist2 crate0 truck1 distributor1) [0]
580: (unload hoist2 crate1 truck0 distributor1) [0]
581: (unload hoist2 crate1 truck1 distributor1) [0]
582: (unload hoist2 crate2 truck0 distributor1) [0]
583: (unload hoist2 crate2 truck1 distributor1) [0]
584: (unload hoist2 crate3 truck0 distributor1) [0]
585: (unload hoist2 crate3 truck1 distributor1) [0]
586: (unload hoist2 crate4 truck0 distributor1) [0]
587: (unload hoist2 crate4 truck1 distributor1) [0]
588: (unload hoist2 crate5 truck0 distributor1) [0]
589: (unload hoist2 crate5 truck1 distributor1) [0]
590: (unload hoist2 crate6 truck0 distributor1) [0]
591: (unload hoist2 crate6 truck1 distributor1) [0]
592: (unload hoist2 crate7 truck0 distributor1) [0]
593: (unload hoist2 crate7 truck1 distributor1) [0]

time spent:       0.06 seconds parsing
                  0.37 seconds encoding
                  0.00 seconds searching
                  0.43 seconds total time

memory used:      2.49 MBytes for problem representation
                  0.00 MBytes for searching
                  2.49 MBytes total



parsing domain file "domain.pddl" done successfully
parsing problem file "p04.pddl" done successfully

problem instantiation done successfully (594 actions, 178 fluents)

* Starting ASTAR search with FAST_FORWARD heuristic
* ASTAR search succeeded

found plan as follows:

00: (  lift hoist2 crate6 crate5 distributor1) [0]
01: (  load hoist2 crate6 truck1 distributor1) [0]
02: (  drive truck1 distributor1 distributor0) [0]
03: ( lift hoist1 crate2 pallet1 distributor0) [0]
04: (  load hoist1 crate2 truck1 distributor0) [0]
05: (unload hoist1 crate6 truck1 distributor0) [0]
06: ( drop hoist1 crate6 pallet1 distributor0) [0]
07: (unload hoist1 crate2 truck1 distributor0) [0]
08: (  drop hoist1 crate2 crate6 distributor0) [0]
09: (        drive truck1 distributor0 depot0) [0]
10: (        lift hoist0 crate7 crate4 depot0) [0]
11: (        load hoist0 crate7 truck1 depot0) [0]
12: (        lift hoist0 crate4 crate1 depot0) [0]
13: (        load hoist0 crate4 truck1 depot0) [0]
14: (        lift hoist0 crate1 crate0 depot0) [0]
15: (        load hoist0 crate1 truck1 depot0) [0]
16: (       lift hoist0 crate0 pallet0 depot0) [0]
17: (        load hoist0 crate0 truck1 depot0) [0]
18: (      unload hoist0 crate7 truck1 depot0) [0]
19: (       drop hoist0 crate7 pallet0 depot0) [0]
20: (  lift hoist2 crate5 crate3 distributor1) [0]
21: (  load hoist2 crate5 truck0 distributor1) [0]
22: ( lift hoist2 crate3 pallet2 distributor1) [0]
23: (  load hoist2 crate3 truck0 distributor1) [0]
24: (      unload hoist0 crate4 truck1 depot0) [0]
25: (        drop hoist0 crate4 crate7 depot0) [0]
26: (      unload hoist0 crate0 truck1 depot0) [0]
27: (        drop hoist0 crate0 crate4 depot0) [0]
28: (unload hoist2 crate5 truck0 distributor1) [0]
29: ( drop hoist2 crate5 pallet2 distributor1) [0]

time spent:       0.01 seconds parsing
                  0.17 seconds encoding
                  8.36 seconds searching
                  8.54 seconds total time

memory used:      2.49 MBytes for problem representation
                 17.72 MBytes for searching
                 20.21 MBytes total



Process finished with exit code 0
